<?xml version="1.0" encoding="UTF-8"?>
<!-- Generated by org.testng.reporters.JUnitReportReporter -->
<testsuite hostname="admin-PC" failures="0" tests="3" name="workingWithUnitTestingtool.WorkWithDepenGroups" time="50.529" errors="0" timestamp="2024-03-07T16:44:41 IST" skipped="0">
  <testcase classname="workingWithUnitTestingtool.WorkWithDepenGroups" name="vivo" time="19.045"/>
  <system-out/>
  <testcase classname="workingWithUnitTestingtool.WorkWithDepenGroups" name="oppo" time="15.286"/>
  <system-out/>
  <testcase classname="workingWithUnitTestingtool.WorkWithDepenGroups" name="motorola" time="16.198"/>
  <system-out/>
</testsuite> <!-- workingWithUnitTestingtool.WorkWithDepenGroups -->
