<?xml version="1.0" encoding="UTF-8"?>
<!-- Generated by org.testng.reporters.JUnitReportReporter -->
<testsuite hostname="admin-PC" failures="0" tests="1" name="genericlib.ToReadDataFromExcelSingleData" time="14.202" errors="0" timestamp="2024-03-19T14:54:02 IST" skipped="0">
  <testcase classname="genericlib.ToReadDataFromExcelSingleData" name="toOpenDemoWebshop" time="14.202"/>
  <system-out/>
</testsuite> <!-- genericlib.ToReadDataFromExcelSingleData -->
