<?xml version="1.0" encoding="UTF-8"?>
<!-- Generated by org.testng.reporters.JUnitReportReporter -->
<testsuite hostname="admin-PC" failures="0" tests="5" name="workingWithUnitTestingtool.WorkingwithDependsOnMethod" time="0.041" errors="0" timestamp="2024-03-07T16:02:36 IST" skipped="0">
  <testcase classname="workingWithUnitTestingtool.WorkingwithDependsOnMethod" name="cart" time="0.007"/>
  <system-out/>
  <testcase classname="workingWithUnitTestingtool.WorkingwithDependsOnMethod" name="register" time="0.023"/>
  <system-out/>
  <testcase classname="workingWithUnitTestingtool.WorkingwithDependsOnMethod" name="login" time="0.003"/>
  <system-out/>
  <testcase classname="workingWithUnitTestingtool.WorkingwithDependsOnMethod" name="Search" time="0.006"/>
  <system-out/>
  <testcase classname="workingWithUnitTestingtool.WorkingwithDependsOnMethod" name="payment" time="0.002"/>
  <system-out/>
</testsuite> <!-- workingWithUnitTestingtool.WorkingwithDependsOnMethod -->
