<?xml version="1.0" encoding="UTF-8"?>
<!-- Generated by org.testng.reporters.JUnitReportReporter -->
<testsuite hostname="admin-PC" failures="0" tests="1" name="TestScript.WorkingWithCrossBrowserTesting" time="27.903" errors="0" timestamp="2024-03-13T15:16:47 IST" skipped="0">
  <testcase classname="TestScript.WorkingWithCrossBrowserTesting" name="browser" time="27.903"/>
  <system-out/>
</testsuite> <!-- TestScript.WorkingWithCrossBrowserTesting -->
