<?xml version="1.0" encoding="UTF-8"?>
<!-- Generated by org.testng.reporters.JUnitReportReporter -->
<testsuite hostname="admin-PC" failures="0" tests="1" name="workingWithUnitTestingtool.Group" time="12.566" errors="0" timestamp="2024-03-07T16:44:41 IST" skipped="0">
  <testcase classname="workingWithUnitTestingtool.Group" name="payment" time="12.566"/>
  <system-out/>
</testsuite> <!-- workingWithUnitTestingtool.Group -->
