<?xml version="1.0" encoding="UTF-8"?>
<!-- Generated by org.testng.reporters.JUnitReportReporter -->
<testsuite hostname="admin-PC" failures="0" tests="1" name="TestScript.nykaa" time="36.932" errors="0" timestamp="2024-03-09T16:49:06 IST" skipped="0">
  <testcase classname="TestScript.nykaa" name="run" time="36.932"/>
  <system-out/>
</testsuite> <!-- TestScript.nykaa -->
