<?xml version="1.0" encoding="UTF-8"?>
<!-- Generated by org.testng.reporters.JUnitReportReporter -->
<testsuite hostname="admin-PC" failures="0" tests="1" name="workingWithUnitTestingtool.DemoWebShop" time="10.841" errors="0" timestamp="2024-03-13T17:00:30 IST" skipped="0">
  <testcase classname="workingWithUnitTestingtool.DemoWebShop" name="login" time="10.841"/>
  <system-out/>
</testsuite> <!-- workingWithUnitTestingtool.DemoWebShop -->
