<?xml version="1.0" encoding="UTF-8"?>
<!-- Generated by org.testng.reporters.JUnitReportReporter -->
<testsuite hostname="admin-PC" failures="0" tests="1" name="genericlib.ToReadDataFromPropFile" time="10.068" errors="0" timestamp="2024-03-19T14:47:25 IST" skipped="0">
  <testcase classname="genericlib.ToReadDataFromPropFile" name="toOpenDemoWebshop" time="10.068"/>
  <system-out/>
</testsuite> <!-- genericlib.ToReadDataFromPropFile -->
