<?xml version="1.0" encoding="UTF-8"?>
<!-- Generated by org.testng.reporters.JUnitReportReporter -->
<testsuite hostname="admin-PC" failures="0" tests="1" name="workingwithPOM.Tc_Reg_001" time="1.429" errors="0" timestamp="2024-03-19T16:32:59 IST" skipped="0">
  <testcase classname="workingwithPOM.Tc_Reg_001" name="register" time="1.429"/>
  <system-out/>
</testsuite> <!-- workingwithPOM.Tc_Reg_001 -->
