<?xml version="1.0" encoding="UTF-8"?>
<!-- Generated by org.testng.reporters.JUnitReportReporter -->
<testsuite hostname="admin-PC" failures="0" tests="1" name="workingwithTestingProject.TC_Demo_001" time="17.163" errors="0" timestamp="2024-03-11T17:28:00 IST" skipped="0">
  <testcase classname="workingwithTestingProject.TC_Demo_001" name="validate_that_user_is_able_to_click_wishlist" time="17.163"/>
  <system-out/>
</testsuite> <!-- workingwithTestingProject.TC_Demo_001 -->
