<?xml version="1.0" encoding="UTF-8"?>
<!-- Generated by org.testng.reporters.JUnitReportReporter -->
<testsuite hostname="admin-PC" failures="0" tests="7" name="workingWithUnitTestingtool.WorkinngwithPriority" time="0.076" errors="0" timestamp="2024-03-06T16:13:49 IST" skipped="0">
  <testcase classname="workingWithUnitTestingtool.WorkinngwithPriority" name="run" time="0.028"/>
  <system-out>
Hello testng  </system-out>
  <testcase classname="workingWithUnitTestingtool.WorkinngwithPriority" name="register" time="0.003"/>
  <system-out/>
  <testcase classname="workingWithUnitTestingtool.WorkinngwithPriority" name="addtocart" time="0.003"/>
  <system-out/>
  <testcase classname="workingWithUnitTestingtool.WorkinngwithPriority" name="login" time="0.003"/>
  <system-out/>
  <testcase classname="workingWithUnitTestingtool.WorkinngwithPriority" name="searchProduct" time="0.006"/>
  <system-out/>
  <testcase classname="workingWithUnitTestingtool.WorkinngwithPriority" name="Payment" time="0.030"/>
  <system-out/>
  <testcase classname="workingWithUnitTestingtool.WorkinngwithPriority" name="closeTheApp" time="0.003"/>
  <system-out/>
</testsuite> <!-- workingWithUnitTestingtool.WorkinngwithPriority -->
