<?xml version="1.0" encoding="UTF-8"?>
<!-- Generated by org.testng.reporters.JUnitReportReporter -->
<testsuite hostname="admin-PC" failures="0" tests="1" name="workingWithUnitTestingtool.WorkingWithSoftAssert" time="31.621" errors="0" timestamp="2024-03-13T16:32:05 IST" skipped="0">
  <testcase classname="workingWithUnitTestingtool.WorkingWithSoftAssert" name="login" time="31.621"/>
  <system-out>
user is able to open empty browser user is able to open mazimize browser user is able to Open BMW  </system-out>
</testsuite> <!-- workingWithUnitTestingtool.WorkingWithSoftAssert -->
