<?xml version="1.0" encoding="UTF-8"?>
<!-- Generated by org.testng.reporters.JUnitReportReporter -->
<testsuite hostname="admin-PC" failures="0" tests="1" name="workingwithPOM.Tc_Demo_003" time="5.383" errors="0" timestamp="2024-03-19T16:43:03 IST" skipped="0">
  <testcase classname="workingwithPOM.Tc_Demo_003" name="searchProduct" time="5.383"/>
  <system-out/>
</testsuite> <!-- workingwithPOM.Tc_Demo_003 -->
