<?xml version="1.0" encoding="UTF-8"?>
<!-- Generated by org.testng.reporters.JUnitReportReporter -->
<testsuite hostname="admin-PC" failures="0" tests="1" name="workingWithUnitTestingtool.Basic" time="0.025" errors="0" timestamp="2024-03-06T16:40:07 IST" skipped="0">
  <testcase classname="workingWithUnitTestingtool.Basic" name="run" time="0.025"/>
  <system-out>
Hello testng  </system-out>
</testsuite> <!-- workingWithUnitTestingtool.Basic -->
