<?xml version="1.0" encoding="UTF-8"?>
<!-- Generated by org.testng.reporters.JUnitReportReporter -->
<testsuite hostname="admin-PC" failures="0" tests="1" name="TestScript.Meesho" time="49.023" errors="0" timestamp="2024-03-09T16:49:06 IST" skipped="0">
  <testcase classname="TestScript.Meesho" name="run" time="49.023"/>
  <system-out/>
</testsuite> <!-- TestScript.Meesho -->
