<?xml version="1.0" encoding="UTF-8"?>
<!-- Generated by org.testng.reporters.JUnitReportReporter -->
<testsuite hostname="admin-PC" failures="0" tests="1" name="TestScript.Flipcart" time="33.078" errors="0" timestamp="2024-03-09T16:49:06 IST" skipped="0">
  <testcase classname="TestScript.Flipcart" name="run" time="33.078"/>
  <system-out/>
</testsuite> <!-- TestScript.Flipcart -->
